c:\users\trim\desktop\zakazu\alexander viktorovich 29.05.2020\lab 1 sort\lab_1\lab_1\debug\vc142.pdb
c:\users\trim\desktop\zakazu\alexander viktorovich 29.05.2020\lab 1 sort\lab_1\lab_1\debug\vc142.idb
c:\users\trim\desktop\zakazu\alexander viktorovich 29.05.2020\lab 1 sort\lab_1\lab_1\debug\lab_1.obj
c:\users\trim\desktop\zakazu\alexander viktorovich 29.05.2020\lab 1 sort\lab_1\lab_1\debug\fns.obj
c:\users\trim\desktop\zakazu\alexander viktorovich 29.05.2020\lab 1 sort\lab_1\lab_1\debug\lab_1.tlog\cl.command.1.tlog
c:\users\trim\desktop\zakazu\alexander viktorovich 29.05.2020\lab 1 sort\lab_1\lab_1\debug\lab_1.tlog\cl.read.1.tlog
c:\users\trim\desktop\zakazu\alexander viktorovich 29.05.2020\lab 1 sort\lab_1\lab_1\debug\lab_1.tlog\cl.write.1.tlog
c:\users\trim\desktop\zakazu\alexander viktorovich 29.05.2020\lab 1 sort\lab_1\lab_1\debug\lab_1.tlog\link-cvtres.read.1.tlog
c:\users\trim\desktop\zakazu\alexander viktorovich 29.05.2020\lab 1 sort\lab_1\lab_1\debug\lab_1.tlog\link-cvtres.write.1.tlog
c:\users\trim\desktop\zakazu\alexander viktorovich 29.05.2020\lab 1 sort\lab_1\lab_1\debug\lab_1.tlog\link-rc.read.1.tlog
c:\users\trim\desktop\zakazu\alexander viktorovich 29.05.2020\lab 1 sort\lab_1\lab_1\debug\lab_1.tlog\link-rc.write.1.tlog
c:\users\trim\desktop\zakazu\alexander viktorovich 29.05.2020\lab 1 sort\lab_1\lab_1\debug\lab_1.tlog\link.6232-cvtres.read.1.tlog
c:\users\trim\desktop\zakazu\alexander viktorovich 29.05.2020\lab 1 sort\lab_1\lab_1\debug\lab_1.tlog\link.6232-cvtres.write.1.tlog
c:\users\trim\desktop\zakazu\alexander viktorovich 29.05.2020\lab 1 sort\lab_1\lab_1\debug\lab_1.tlog\link.6232-rc.read.1.tlog
c:\users\trim\desktop\zakazu\alexander viktorovich 29.05.2020\lab 1 sort\lab_1\lab_1\debug\lab_1.tlog\link.6232-rc.write.1.tlog
c:\users\trim\desktop\zakazu\alexander viktorovich 29.05.2020\lab 1 sort\lab_1\lab_1\debug\lab_1.tlog\link.6232.read.1.tlog
c:\users\trim\desktop\zakazu\alexander viktorovich 29.05.2020\lab 1 sort\lab_1\lab_1\debug\lab_1.tlog\link.6232.write.1.tlog
c:\users\trim\desktop\zakazu\alexander viktorovich 29.05.2020\lab 1 sort\lab_1\lab_1\debug\lab_1.tlog\link.command.1.tlog
c:\users\trim\desktop\zakazu\alexander viktorovich 29.05.2020\lab 1 sort\lab_1\lab_1\debug\lab_1.tlog\link.read.1.tlog
c:\users\trim\desktop\zakazu\alexander viktorovich 29.05.2020\lab 1 sort\lab_1\lab_1\debug\lab_1.tlog\link.write.1.tlog
